Unity Editor version:    2022.3.9f1 (ea401c316338)
Branch:                  2022.3/staging
Build type:              Release
Batch mode:              YES
macOS version:           Version 13.2.1 (Build 22D68)
Darwin version:          22.3.0
Architecture:            x86_64
Running under Rosetta:   NO
Available memory:        8192 MB
Using pre-set license
Pro License: YES

COMMAND LINE ARGUMENTS:
/Applications/Unity editor/2022.3.9f1/Unity.app/Contents/MacOS/Unity
-adb2
-batchMode
-noUpm
-name
AssetImportWorker0
-projectPath
/Users/lucamarco-mac/GitHub/fantasy-game-2024/unity/Dragonscape Chronicles
-logFile
Logs/AssetImportWorker0.log
-srvPort
61667
Successfully changed project path to: /Users/lucamarco-mac/GitHub/fantasy-game-2024/unity/Dragonscape Chronicles
/Users/lucamarco-mac/GitHub/fantasy-game-2024/unity/Dragonscape Chronicles
[UnityMemory] Configuration Parameters - Can be set up in boot.config
    "memorysetup-bucket-allocator-granularity=16"
    "memorysetup-bucket-allocator-bucket-count=8"
    "memorysetup-bucket-allocator-block-size=33554432"
    "memorysetup-bucket-allocator-block-count=8"
    "memorysetup-main-allocator-block-size=16777216"
    "memorysetup-thread-allocator-block-size=16777216"
    "memorysetup-gfx-main-allocator-block-size=16777216"
    "memorysetup-gfx-thread-allocator-block-size=16777216"
    "memorysetup-cache-allocator-block-size=4194304"
    "memorysetup-typetree-allocator-block-size=2097152"
    "memorysetup-profiler-bucket-allocator-granularity=16"
    "memorysetup-profiler-bucket-allocator-bucket-count=8"
    "memorysetup-profiler-bucket-allocator-block-size=33554432"
    "memorysetup-profiler-bucket-allocator-block-count=8"
    "memorysetup-profiler-allocator-block-size=16777216"
    "memorysetup-profiler-editor-allocator-block-size=1048576"
    "memorysetup-temp-allocator-size-main=16777216"
    "memorysetup-job-temp-allocator-block-size=2097152"
    "memorysetup-job-temp-allocator-block-size-background=1048576"
    "memorysetup-job-temp-allocator-reduction-small-platforms=262144"
    "memorysetup-allocator-temp-initial-block-size-main=262144"
    "memorysetup-allocator-temp-initial-block-size-worker=262144"
    "memorysetup-temp-allocator-size-background-worker=32768"
    "memorysetup-temp-allocator-size-job-worker=262144"
    "memorysetup-temp-allocator-size-preload-manager=33554432"
    "memorysetup-temp-allocator-size-nav-mesh-worker=65536"
    "memorysetup-temp-allocator-size-audio-worker=65536"
    "memorysetup-temp-allocator-size-cloud-worker=32768"
    "memorysetup-temp-allocator-size-gi-baking-worker=262144"
    "memorysetup-temp-allocator-size-gfx=262144"
Player connection [140704449783424] Host "[IP] 192.168.86.32 [Port] 0 [Flags] 2 [Guid] 838704910 [EditorId] 838704910 [Version] 1048832 [Id] OSXEditor(0,dalcantsmallmac.lan) [Debug] 1 [PackageName] OSXEditor [ProjectName] Editor" joined multi-casting on [225.0.0.222:54997]...

Player connection [140704449783424] Host "[IP] 192.168.86.32 [Port] 0 [Flags] 2 [Guid] 838704910 [EditorId] 838704910 [Version] 1048832 [Id] OSXEditor(0,dalcantsmallmac.lan) [Debug] 1 [PackageName] OSXEditor [ProjectName] Editor" joined alternative multi-casting on [225.0.0.222:34997]...

[Physics::Module] Initialized MultithreadedJobDispatcher with 5 workers.
Refreshing native plugins compatible for Editor in 13.14 ms, found 2 plugins.
Preloading 0 native plugins for Editor in 0.00 ms.
Initialize engine version: 2022.3.9f1 (ea401c316338)
[Subsystems] Discovering subsystems at path /Applications/Unity editor/2022.3.9f1/Unity.app/Contents/Resources/UnitySubsystems
[Subsystems] Discovering subsystems at path /Users/lucamarco-mac/GitHub/fantasy-game-2024/unity/Dragonscape Chronicles/Assets
GfxDevice: creating device client; threaded=0; jobified=0
iMac preferred device: AMD Radeon Pro 560X (high power)
Metal devices available: 1
0: AMD Radeon Pro 560X (high power)
Using device AMD Radeon Pro 560X (high power)
Initializing Metal device caps: AMD Radeon Pro 560X
Initialize mono
Mono path[0] = '/Applications/Unity editor/2022.3.9f1/Unity.app/Contents/Managed'
Mono path[1] = '/Applications/Unity editor/2022.3.9f1/Unity.app/Contents/MonoBleedingEdge/lib/mono/unityjit-macos'
Mono config path = '/Applications/Unity editor/2022.3.9f1/Unity.app/Contents/MonoBleedingEdge/etc'
Using monoOptions --debugger-agent=transport=dt_socket,embedding=1,server=y,suspend=n,address=127.0.0.1:56493
Begin MonoManager ReloadAssembly
Registering precompiled unity dll's ...
Trying to register platform support module: /Applications/Unity editor/2022.3.9f1/PlaybackEngines/WebGLSupport/UnityEditor.WebGL.Extensions.dll (that doesn't exist). Retrying without overrides.
Platform support module is not available: /Applications/Unity editor/2022.3.9f1/PlaybackEngines/WebGLSupport/UnityEditor.WebGL.Extensions.dll
Register platform support module: /Applications/Unity editor/2022.3.9f1/Unity.app/Contents/PlaybackEngines/MacStandaloneSupport/UnityEditor.OSXStandalone.Extensions.dll
Registered in 0.109157 seconds.
- Loaded All Assemblies, in  1.886 seconds
Native extension for OSXStandalone target not found
Mono: successfully reloaded assembly
- Finished resetting the current domain, in  0.317 seconds
Domain Reload Profiling: 2204ms
	BeginReloadAssembly (1375ms)
		ExecutionOrderSort (0ms)
		DisableScriptedObjects (0ms)
		BackupInstance (0ms)
		ReleaseScriptingObjects (0ms)
		CreateAndSetChildDomain (1ms)
	RebuildCommonClasses (47ms)
	RebuildNativeTypeToScriptingClass (14ms)
	initialDomainReloadingComplete (169ms)
	LoadAllAssembliesAndSetupDomain (280ms)
		LoadAssemblies (1426ms)
		RebuildTransferFunctionScriptingTraits (0ms)
		AnalyzeDomain (227ms)
			TypeCache.Refresh (224ms)
				TypeCache.ScanAssembly (208ms)
			ScanForSourceGeneratedMonoScriptInfo (0ms)
			ResolveRequiredComponents (1ms)
	FinalizeReload (318ms)
		ReleaseScriptCaches (0ms)
		RebuildScriptCaches (0ms)
		SetupLoadedEditorAssemblies (241ms)
			LogAssemblyErrors (0ms)
			InitializePlatformSupportModulesInManaged (8ms)
			SetLoadedEditorAssemblies (9ms)
			RefreshPlugins (0ms)
			BeforeProcessingInitializeOnLoad (2ms)
			ProcessInitializeOnLoadAttributes (165ms)
			ProcessInitializeOnLoadMethodAttributes (57ms)
			AfterProcessingInitializeOnLoad (0ms)
			EditorAssembliesLoaded (0ms)
		ExecutionOrderSort2 (0ms)
		AwakeInstancesAfterBackupRestoration (0ms)
========================================================================
Worker process is ready to serve import requests
Begin MonoManager ReloadAssembly
- Loaded All Assemblies, in  2.745 seconds
Refreshing native plugins compatible for Editor in 2.79 ms, found 2 plugins.
Native extension for OSXStandalone target not found
Package Manager log level set to [2]
[Package Manager] Server::EnsureServerProcessIsRunning -- launch failed, reason: Unity was launched with the -noUpm command-line argument
[Package Manager] UpmClient::Send -- Unable to send message (not connected to UPM process).
[Package Manager] Cannot connect to Unity Package Manager local server
Mono: successfully reloaded assembly
- Finished resetting the current domain, in  0.693 seconds
Domain Reload Profiling: 3438ms
	BeginReloadAssembly (1344ms)
		ExecutionOrderSort (0ms)
		DisableScriptedObjects (7ms)
		BackupInstance (0ms)
		ReleaseScriptingObjects (0ms)
		CreateAndSetChildDomain (32ms)
	RebuildCommonClasses (48ms)
	RebuildNativeTypeToScriptingClass (14ms)
	initialDomainReloadingComplete (49ms)
	LoadAllAssembliesAndSetupDomain (1290ms)
		LoadAssemblies (2327ms)
		RebuildTransferFunctionScriptingTraits (0ms)
		AnalyzeDomain (226ms)
			TypeCache.Refresh (200ms)
				TypeCache.ScanAssembly (180ms)
			ScanForSourceGeneratedMonoScriptInfo (17ms)
			ResolveRequiredComponents (5ms)
	FinalizeReload (693ms)
		ReleaseScriptCaches (0ms)
		RebuildScriptCaches (0ms)
		SetupLoadedEditorAssemblies (506ms)
			LogAssemblyErrors (0ms)
			InitializePlatformSupportModulesInManaged (5ms)
			SetLoadedEditorAssemblies (5ms)
			RefreshPlugins (0ms)
			BeforeProcessingInitializeOnLoad (64ms)
			ProcessInitializeOnLoadAttributes (409ms)
			ProcessInitializeOnLoadMethodAttributes (22ms)
			AfterProcessingInitializeOnLoad (1ms)
			EditorAssembliesLoaded (0ms)
		ExecutionOrderSort2 (0ms)
		AwakeInstancesAfterBackupRestoration (6ms)
Launching external process: /Applications/Unity editor/2022.3.9f1/Unity.app/Contents/Tools/UnityShaderCompiler
Launched and connected shader compiler UnityShaderCompiler after 0.12 seconds
Refreshing native plugins compatible for Editor in 1.48 ms, found 2 plugins.
Preloading 0 native plugins for Editor in 0.00 ms.
Unloading 3069 Unused Serialized files (Serialized files now loaded: 0)
Unloading 31 unused Assets / (50.7 KB). Loaded Objects now: 3545.
Memory consumption went from 127.2 MB to 127.2 MB.
Total: 3.279441 ms (FindLiveObjects: 0.227145 ms CreateObjectMapping: 0.179603 ms MarkObjects: 2.745440 ms  DeleteObjects: 0.126122 ms)

AssetImportParameters requested are different than current active one (requested -> active):
  custom:container-demuxer-ogg: 62fdf1f143b41e24485cea50d1cbac27 -> 
  custom:video-decoder-ogg-theora: a1e56fd34408186e4bbccfd4996cb3dc -> 
  custom:CustomObjectIndexerAttribute: 756ad292c208cfabdd7b50bc23989ffe -> 
  custom:container-demuxer-webm: 4f35f7cbe854078d1ac9338744f61a02 -> 
  custom:container-muxer-webm: aa71ff27fc2769a1b78a27578f13a17b -> 
  custom:video-decoder-webm-vp8: 9c59270c3fd7afecdb556c50c9e8de78 -> 
  custom:SearchIndexIgnoredProperties: e643bd26f0fe6173181afceb89e7c659 -> 
  custom:AudioImporter_EditorPlatform: 3918e3fc78b5a79bad01e8451be0beb8 -> 
  custom:framework-osx-AVFoundation: e770b220cccbd017edd2c1fefb359320 -> 
  custom:video-encoder-webm-vp8: eb34c28f22e8b96e1ab97ce403110664 -> 
  custom:audio-decoder-ogg-vorbis: bf7c407c2cedff20999df2af8eb42d56 -> 
  custom:audio-encoder-webm-vorbis: bf7c407c2cedff20999df2af8eb42d56 -> 
========================================================================
Received Import Request.
  Time since last request: 1346036.565568 seconds.
  path: Assets/New Terrain.asset
  artifactKey: Guid(41a4d06b3ce4f411180072a960fecb25) Importer(815301076,1909f56bfc062723c751e8b465ee728b)
Start importing Assets/New Terrain.asset using Guid(41a4d06b3ce4f411180072a960fecb25) Importer(815301076,1909f56bfc062723c751e8b465ee728b)  -> (artifact id: '5d9f7a2746f40eab7b4933100e8775c1') in 0.051127 seconds
Number of updated asset objects reloaded before import = 0
Number of asset objects unloaded after import = 1
========================================================================
Received Import Request.
  Time since last request: 616.381745 seconds.
  path: Assets/New Terrain 1.asset
  artifactKey: Guid(94ad12bb4b27d44db947857ca5aefc97) Importer(815301076,1909f56bfc062723c751e8b465ee728b)
Start importing Assets/New Terrain 1.asset using Guid(94ad12bb4b27d44db947857ca5aefc97) Importer(815301076,1909f56bfc062723c751e8b465ee728b)  -> (artifact id: '0a1d63a7e9ba3ca21a42021353aac54f') in 0.004613 seconds
Number of updated asset objects reloaded before import = 0
Number of asset objects unloaded after import = 1
========================================================================
Received Import Request.
  Time since last request: 3073.813652 seconds.
  path: Assets/New Terrain.asset
  artifactKey: Guid(41a4d06b3ce4f411180072a960fecb25) Importer(815301076,1909f56bfc062723c751e8b465ee728b)
Start importing Assets/New Terrain.asset using Guid(41a4d06b3ce4f411180072a960fecb25) Importer(815301076,1909f56bfc062723c751e8b465ee728b)  -> (artifact id: '3daae1b142026c649707e22f2fe71250') in 0.012802 seconds
Number of updated asset objects reloaded before import = 0
Number of asset objects unloaded after import = 1
========================================================================
Received Import Request.
  Time since last request: 0.000290 seconds.
  path: Assets/New Terrain 1.asset
  artifactKey: Guid(94ad12bb4b27d44db947857ca5aefc97) Importer(815301076,1909f56bfc062723c751e8b465ee728b)
Start importing Assets/New Terrain 1.asset using Guid(94ad12bb4b27d44db947857ca5aefc97) Importer(815301076,1909f56bfc062723c751e8b465ee728b)  -> (artifact id: '0f17e6631265ddfeb3cee95e2745b07e') in 0.004433 seconds
Number of updated asset objects reloaded before import = 0
Number of asset objects unloaded after import = 1
========================================================================
Received Import Request.
  Time since last request: 66819.849962 seconds.
  path: Assets/Ground051_8K-JPG
  artifactKey: Guid(4f605ecce12d347c3b5bec6169f15d5c) Importer(815301076,1909f56bfc062723c751e8b465ee728b)
Start importing Assets/Ground051_8K-JPG using Guid(4f605ecce12d347c3b5bec6169f15d5c) Importer(815301076,1909f56bfc062723c751e8b465ee728b)  -> (artifact id: '82b8056b4dccefa9c1c342ebd30301c7') in 0.026266 seconds
Number of updated asset objects reloaded before import = 0
Number of asset objects unloaded after import = 0
========================================================================
Received Import Request.
  Time since last request: 0.161222 seconds.
  path: Assets/Ground051_8K-JPG/Ground051.png
  artifactKey: Guid(570173b98fd1a45a1aa195dfbbc4ef94) Importer(815301076,1909f56bfc062723c751e8b465ee728b)
Start importing Assets/Ground051_8K-JPG/Ground051.png using Guid(570173b98fd1a45a1aa195dfbbc4ef94) Importer(815301076,1909f56bfc062723c751e8b465ee728b)  -> (artifact id: '7260187af571c45c5c98f2024bede021') in 1.675557 seconds
Number of updated asset objects reloaded before import = 0
Number of asset objects unloaded after import = 2
========================================================================
Received Import Request.
  Time since last request: 0.001393 seconds.
  path: Assets/Ground051_8K-JPG/Ground051_8K-JPG_NormalGL.jpg
  artifactKey: Guid(80c07018e4ac248d1abe32d001db95ee) Importer(815301076,1909f56bfc062723c751e8b465ee728b)
Start importing Assets/Ground051_8K-JPG/Ground051_8K-JPG_NormalGL.jpg using Guid(80c07018e4ac248d1abe32d001db95ee) Importer(815301076,1909f56bfc062723c751e8b465ee728b)  -> (artifact id: 'e54c7d29b18be9408a333212c312a023') in 0.020207 seconds
Number of updated asset objects reloaded before import = 0
Number of asset objects unloaded after import = 2
========================================================================
Received Import Request.
  Time since last request: 0.000081 seconds.
  path: Assets/Ground051_8K-JPG/Ground051_8K-JPG_Displacement.jpg
  artifactKey: Guid(3c9bfb9a5dc914a14ab4fd06dc0eb4c8) Importer(815301076,1909f56bfc062723c751e8b465ee728b)
Start importing Assets/Ground051_8K-JPG/Ground051_8K-JPG_Displacement.jpg using Guid(3c9bfb9a5dc914a14ab4fd06dc0eb4c8) Importer(815301076,1909f56bfc062723c751e8b465ee728b)  -> (artifact id: 'c7ab4c8aebc9dbae12cb68a770b631e6') in 0.011122 seconds
Number of updated asset objects reloaded before import = 0
Number of asset objects unloaded after import = 2
========================================================================
Received Import Request.
  Time since last request: 0.000055 seconds.
  path: Assets/Ground051_8K-JPG/Ground051_8K-JPG_Roughness.jpg
  artifactKey: Guid(e8d4cd546f3374e41886ddcb0a3d144b) Importer(815301076,1909f56bfc062723c751e8b465ee728b)
Start importing Assets/Ground051_8K-JPG/Ground051_8K-JPG_Roughness.jpg using Guid(e8d4cd546f3374e41886ddcb0a3d144b) Importer(815301076,1909f56bfc062723c751e8b465ee728b)  -> (artifact id: '174033ec0a07c3495a5595bed77ef1f2') in 0.012656 seconds
Number of updated asset objects reloaded before import = 0
Number of asset objects unloaded after import = 2
========================================================================
Received Import Request.
  Time since last request: 0.000076 seconds.
  path: Assets/Ground051_8K-JPG/Ground051_8K-JPG_AmbientOcclusion.jpg
  artifactKey: Guid(b0aa65f8014d548ebb53feda0e8030ff) Importer(815301076,1909f56bfc062723c751e8b465ee728b)
Start importing Assets/Ground051_8K-JPG/Ground051_8K-JPG_AmbientOcclusion.jpg using Guid(b0aa65f8014d548ebb53feda0e8030ff) Importer(815301076,1909f56bfc062723c751e8b465ee728b)  -> (artifact id: 'a4fcba79ad3cb3a585fea2cf26012596') in 0.018215 seconds
Number of updated asset objects reloaded before import = 0
Number of asset objects unloaded after import = 2
========================================================================
Received Import Request.
  Time since last request: 0.000042 seconds.
  path: Assets/Ground051_8K-JPG/Ground051_8K-JPG_NormalDX.jpg
  artifactKey: Guid(b0ffe91d46aa34438930afb0b139c458) Importer(815301076,1909f56bfc062723c751e8b465ee728b)
Start importing Assets/Ground051_8K-JPG/Ground051_8K-JPG_NormalDX.jpg using Guid(b0ffe91d46aa34438930afb0b139c458) Importer(815301076,1909f56bfc062723c751e8b465ee728b)  -> (artifact id: '30e08a0d618b660ca3e3886210b58a62') in 0.009667 seconds
Number of updated asset objects reloaded before import = 0
Number of asset objects unloaded after import = 2
========================================================================
Received Import Request.
  Time since last request: 0.000046 seconds.
  path: Assets/Ground051_8K-JPG/Ground051_8K-JPG_Color.jpg
  artifactKey: Guid(a1fb31463ec7042fca8bf96e5c8c2c65) Importer(815301076,1909f56bfc062723c751e8b465ee728b)
Start importing Assets/Ground051_8K-JPG/Ground051_8K-JPG_Color.jpg using Guid(a1fb31463ec7042fca8bf96e5c8c2c65) Importer(815301076,1909f56bfc062723c751e8b465ee728b)  -> (artifact id: '6846dc85d068a28c8e12a2337566fb1d') in 0.009988 seconds
Number of updated asset objects reloaded before import = 0
Number of asset objects unloaded after import = 2
========================================================================
Received Import Request.
  Time since last request: 26.980569 seconds.
  path: Assets/Ground051_8K-JPG/Dark Dirt.mat
  artifactKey: Guid(dd6f494775c484c02bfee126483129b2) Importer(815301076,1909f56bfc062723c751e8b465ee728b)
Start importing Assets/Ground051_8K-JPG/Dark Dirt.mat using Guid(dd6f494775c484c02bfee126483129b2) Importer(815301076,1909f56bfc062723c751e8b465ee728b)  -> (artifact id: '44bfc5ae46f16e22c608270ed12f81ac') in 1.987955 seconds
Number of updated asset objects reloaded before import = 0
Number of asset objects unloaded after import = 1
========================================================================
Received Import Request.
  Time since last request: 153.570462 seconds.
  path: Assets/Ground051_8K-JPG/Ground051_8K-JPG.usdc
  artifactKey: Guid(6f6c2c5e01bee4eeea6f16771d05904d) Importer(815301076,1909f56bfc062723c751e8b465ee728b)
Start importing Assets/Ground051_8K-JPG/Ground051_8K-JPG.usdc using Guid(6f6c2c5e01bee4eeea6f16771d05904d) Importer(815301076,1909f56bfc062723c751e8b465ee728b)  -> (artifact id: '5b20c73963adbe508c7d6cccef4a8377') in 0.001171 seconds
Number of updated asset objects reloaded before import = 0
Number of asset objects unloaded after import = 1
========================================================================
Received Import Request.
  Time since last request: 1.518001 seconds.
  path: Assets/Ground051_8K-JPG/Ground051_8K-JPG.mtlx
  artifactKey: Guid(8677640ed5839449283e9005b8b1d8e1) Importer(815301076,1909f56bfc062723c751e8b465ee728b)
Start importing Assets/Ground051_8K-JPG/Ground051_8K-JPG.mtlx using Guid(8677640ed5839449283e9005b8b1d8e1) Importer(815301076,1909f56bfc062723c751e8b465ee728b)  -> (artifact id: '7d16729ab15cce62458a63ae6ef8d987') in 0.000709 seconds
Number of updated asset objects reloaded before import = 0
Number of asset objects unloaded after import = 1
========================================================================
Received Import Request.
  Time since last request: 28.970130 seconds.
  path: Assets/Ground051_8K-JPG/Ground051_8K-JPG_NormalDX.jpg
  artifactKey: Guid(b0ffe91d46aa34438930afb0b139c458) Importer(815301076,1909f56bfc062723c751e8b465ee728b)
Start importing Assets/Ground051_8K-JPG/Ground051_8K-JPG_NormalDX.jpg using Guid(b0ffe91d46aa34438930afb0b139c458) Importer(815301076,1909f56bfc062723c751e8b465ee728b)  -> (artifact id: 'eecb5406ed239e77a60d4fe94cc63a76') in 0.119077 seconds
Number of updated asset objects reloaded before import = 0
Number of asset objects unloaded after import = 2
